<?xml version="1.0" encoding="UTF-8" ?>
<testsuite tests="27" failures="0" name="com.sg.superherosightings.test.dao.SuperheroSightingsDaoTest" time="4.526" errors="0" skipped="0">
  <properties>
[...]
</properties>
  <testcase classname="com.sg.superherosightings.test.dao.SuperheroSightingsDaoTest" name="testDeleteOrganization" time="1.325"/>
  <testcase classname="com.sg.superherosightings.test.dao.SuperheroSightingsDaoTest" name="testGetAllOrganizations" time="0.133"/>
  <testcase classname="com.sg.superherosightings.test.dao.SuperheroSightingsDaoTest" name="testGetHeroesByLocationId" time="0.198"/>
  <testcase classname="com.sg.superherosightings.test.dao.SuperheroSightingsDaoTest" name="testUpdateOrganization" time="0.143"/>
  <testcase classname="com.sg.superherosightings.test.dao.SuperheroSightingsDaoTest" name="testDeleteLocation" time="0.125"/>
  <testcase classname="com.sg.superherosightings.test.dao.SuperheroSightingsDaoTest" name="testUpdateHero" time="0.091"/>
  <testcase classname="com.sg.superherosightings.test.dao.SuperheroSightingsDaoTest" name="testAddGetLocation" time="0.098"/>
  <testcase classname="com.sg.superherosightings.test.dao.SuperheroSightingsDaoTest" name="testGetLocationsByHeroId" time="0.149"/>
  <testcase classname="com.sg.superherosightings.test.dao.SuperheroSightingsDaoTest" name="testGetAllSightings" time="0.116"/>
  <testcase classname="com.sg.superherosightings.test.dao.SuperheroSightingsDaoTest" name="testGetAllSuperpowers" time="0.137"/>
  <testcase classname="com.sg.superherosightings.test.dao.SuperheroSightingsDaoTest" name="testUpdateSighting" time="0.124"/>
  <testcase classname="com.sg.superherosightings.test.dao.SuperheroSightingsDaoTest" name="testGetSightingsByDate" time="0.149"/>
  <testcase classname="com.sg.superherosightings.test.dao.SuperheroSightingsDaoTest" name="testDeleteSuperpower" time="0.145"/>
  <testcase classname="com.sg.superherosightings.test.dao.SuperheroSightingsDaoTest" name="testGetSightingsByHeroId" time="0.125"/>
  <testcase classname="com.sg.superherosightings.test.dao.SuperheroSightingsDaoTest" name="testGetAllHeroes" time="0.113"/>
  <testcase classname="com.sg.superherosightings.test.dao.SuperheroSightingsDaoTest" name="testUpdateSuperpower" time="0.146"/>
  <testcase classname="com.sg.superherosightings.test.dao.SuperheroSightingsDaoTest" name="testGetHeroesByOrganization" time="0.102"/>
  <testcase classname="com.sg.superherosightings.test.dao.SuperheroSightingsDaoTest" name="testGetOrganizationsByHeroId" time="0.131"/>
  <testcase classname="com.sg.superherosightings.test.dao.SuperheroSightingsDaoTest" name="testAddGetOrganization" time="0.102"/>
  <testcase classname="com.sg.superherosightings.test.dao.SuperheroSightingsDaoTest" name="testGetSightingsByLocationId" time="0.093"/>
  <testcase classname="com.sg.superherosightings.test.dao.SuperheroSightingsDaoTest" name="testDeleteHero" time="0.126"/>
  <testcase classname="com.sg.superherosightings.test.dao.SuperheroSightingsDaoTest" name="testAddGetHero" time="0.124"/>
  <testcase classname="com.sg.superherosightings.test.dao.SuperheroSightingsDaoTest" name="testAddGetSuperpower" time="0.158"/>
  <testcase classname="com.sg.superherosightings.test.dao.SuperheroSightingsDaoTest" name="testDeleteSighting" time="0.091"/>
  <testcase classname="com.sg.superherosightings.test.dao.SuperheroSightingsDaoTest" name="testGetAllLocations" time="0.083"/>
  <testcase classname="com.sg.superherosightings.test.dao.SuperheroSightingsDaoTest" name="testUpdateLocation" time="0.101"/>
  <testcase classname="com.sg.superherosightings.test.dao.SuperheroSightingsDaoTest" name="testAddGetSighting" time="0.098"/>
</testsuite>